<?xml version="1.0" encoding="UTF-8"?>
<!-- Generated by org.testng.reporters.JUnitReportReporter -->
<testsuite hostname="DESKTOP-BJ6FB5G" failures="0" tests="1" name="test_ng.sample" time="0.026" errors="0" timestamp="2023-10-17T22:34:49 IST" skipped="0">
  <testcase classname="test_ng.sample" name="run" time="0.026"/>
</testsuite> <!-- test_ng.sample -->
